<?xml version="1.0" encoding="UTF-8"?>
<testng-results ignored="0" total="1" passed="1" failed="0" skipped="0">
  <reporter-output>
    <line>
      <![CDATA[Test case configuring]]>
    </line>
    <line>
      <![CDATA[Test case started]]>
    </line>
    <line>
      <![CDATA[Test case executed succesfully...]]>
    </line>
    <line>
      <![CDATA[Screenshot captured]]>
    </line>
    <line>
      <![CDATA[Test case run is succesfull>>>..]]>
    </line>
  </reporter-output>
  <suite started-at="2022-07-19T21:37:35 IST" name="Default suite" finished-at="2022-07-19T21:38:16 IST" duration-ms="40282">
    <groups>
    </groups>
    <test started-at="2022-07-19T21:37:35 IST" name="Default test" finished-at="2022-07-19T21:38:16 IST" duration-ms="40282">
      <class name="teascase.Testcase1">
        <test-method is-config="true" signature="getdata()[pri:0, instance:teascase.Testcase1@20140db9]" started-at="2022-07-19T21:37:33 IST" name="getdata" finished-at="2022-07-19T21:37:35 IST" duration-ms="2177" status="PASS">
          <reporter-output>
            <line>
              <![CDATA[Test case configuring]]>
            </line>
          </reporter-output>
        </test-method> <!-- getdata -->
        <test-method is-config="true" signature="base()[pri:0, instance:teascase.Testcase1@20140db9]" started-at="2022-07-19T21:37:35 IST" name="base" finished-at="2022-07-19T21:38:01 IST" duration-ms="25569" status="PASS">
          <reporter-output>
          </reporter-output>
        </test-method> <!-- base -->
        <test-method signature="login()[pri:0, instance:teascase.Testcase1@20140db9]" started-at="2022-07-19T21:38:01 IST" name="login" finished-at="2022-07-19T21:38:04 IST" duration-ms="3330" status="PASS">
          <reporter-output>
            <line>
              <![CDATA[Test case started]]>
            </line>
            <line>
              <![CDATA[Test case executed succesfully...]]>
            </line>
          </reporter-output>
        </test-method> <!-- login -->
        <test-method is-config="true" signature="capturesnap(org.testng.ITestResult)[pri:0, instance:teascase.Testcase1@20140db9]" started-at="2022-07-19T21:38:04 IST" name="capturesnap" finished-at="2022-07-19T21:38:05 IST" duration-ms="1257" status="PASS">
          <params>
            <param index="0">
              <value>
                <![CDATA[[TestResult name=login status=SUCCESS method=Testcase1.login()[pri:0, instance:teascase.Testcase1@20140db9] output=Test case started]]]>
              </value>
            </param>
          </params>
          <reporter-output>
            <line>
              <![CDATA[Screenshot captured]]>
            </line>
            <line>
              <![CDATA[Test case run is succesfull>>>..]]>
            </line>
          </reporter-output>
        </test-method> <!-- capturesnap -->
        <test-method is-config="true" signature="closebrowser()[pri:0, instance:teascase.Testcase1@20140db9]" started-at="2022-07-19T21:38:05 IST" name="closebrowser" finished-at="2022-07-19T21:38:16 IST" duration-ms="10052" status="PASS">
          <reporter-output>
          </reporter-output>
        </test-method> <!-- closebrowser -->
      </class> <!-- teascase.Testcase1 -->
    </test> <!-- Default test -->
  </suite> <!-- Default suite -->
</testng-results>
