<?xml version="1.0" encoding="UTF-8"?>
<testsuite xmlns:xsi="http://www.w3.org/2001/XMLSchema-instance" xsi:noNamespaceSchemaLocation="https://maven.apache.org/surefire/maven-surefire-plugin/xsd/surefire-test-report-3.0.xsd" version="3.0" name="TestSuite" time="37.006" tests="1" errors="0" skipped="0" failures="0">
  <properties>
[...]
</properties>
  <testcase name="login" classname="teascase.Testcase1" time="3.401">
    <system-out><![CDATA[Test case configuring
Test case started
Test case executed succesfully...
]]></system-out>
    <system-err><![CDATA[SLF4J: Failed to load class "org.slf4j.impl.StaticLoggerBinder".
SLF4J: Defaulting to no-operation (NOP) logger implementation
SLF4J: See http://www.slf4j.org/codes.html#StaticLoggerBinder for further details.
ERROR StatusLogger Log4j2 could not find a logging implementation. Please add log4j-core to the classpath. Using SimpleLogger to log to the console...
1658248967779	geckodriver	INFO	Listening on 127.0.0.1:54427
1658248968408	mozrunner::runner	INFO	Running command: "C:\\Program Files\\Mozilla Firefox\\firefox.exe" "--marionette" "--remote-debugging-port" "60089" "--remote-allow-hosts" "localhost" "--remote-allow-origins" "http://localhost:60089/" "-no-remote" "-profile" "C:\\Users\\VIKASK~1\\AppData\\Local\\Temp\\rust_mozprofile5lfWA5"
1658248969424	Marionette	INFO	Marionette enabled
1658248969439	Marionette	INFO	Listening on port 63961
WebDriver BiDi listening on ws://localhost:60089
Read port: 63961
1658248969751	RemoteAgent	WARN	TLS certificate errors will be ignored for this session
console.warn: SearchSettings: "get: No settings file exists, new profile?" (new NotFoundError("Could not open the file at C:\\Users\\VIKASK~1\\AppData\\Local\\Temp\\rust_mozprofile5lfWA5\\search.json.mozlz4", (void 0)))
DevTools listening on ws://localhost:60089/devtools/browser/944d910e-786b-4532-8c22-b1c6074f2c03
Jul 19, 2022 10:12:53 PM org.openqa.selenium.remote.ProtocolHandshake createSession
INFO: Detected upstream dialect: W3C
]]></system-err>
  </testcase>
</testsuite>